# JRE version: OpenJDK Runtime Environment (24.0.1+9) (build 24.0.1+9-30)
# Java VM: OpenJDK 64-Bit Server VM (24.0.1+9-30, mixed mode, emulated-client, sharing, tiered, compressed oops, compressed class ptrs, g1 gc, windows-amd64)
GC Precious Log:
 CardTable entry size: 512
 Card Set container configuration: InlinePtr #cards 4 size 8 Array Of Cards #cards 32 size 80 Howl #buckets 8 coarsen threshold 7372 Howl Bitmap #cards 1024 size 144 coarsen threshold 921 Card regions per heap region 1 cards per card region 8192
 CPUs: 20 total, 20 available
 Memory: 32618M
 Large Page Support: Disabled
 NUMA Support: Disabled
 Compressed Oops: Enabled (Zero based)
 Heap Region Size: 4M
 Heap Min Capacity: 8M
 Heap Initial Capacity: 512M
 Heap Max Capacity: 8156M
 Pre-touch: Disabled
 Parallel Workers: 15
 Concurrent Workers: 4
 Concurrent Refinement Workers: 15
 Periodic GC: Disabled
Heap:
 garbage-first heap   total reserved 8351744K, committed 151552K, used 61422K [0x0000000602400000, 0x0000000800000000)
  region size 4096K, 8 young (32768K), 2 survivors (8192K)
 Metaspace       used 87720K, committed 88448K, reserved 1179648K
  class space    used 9855K, committed 10176K, reserved 1048576K
GC Heap History (20 events):
Event: 1.514 GC heap before
{Heap before GC invocations=4 (full 0):
 garbage-first heap   total reserved 8351744K, committed 102400K, used 59615K [0x0000000602400000, 0x0000000800000000)
  region size 4096K, 15 young (61440K), 5 survivors (20480K)
 Metaspace       used 34905K, committed 35264K, reserved 1114112K
  class space    used 3735K, committed 3904K, reserved 1048576K
}
Event: 1.521 GC heap after
{Heap after GC invocations=5 (full 0):
 garbage-first heap   total reserved 8351744K, committed 102400K, used 21051K [0x0000000602400000, 0x0000000800000000)
  region size 4096K, 2 young (8192K), 2 survivors (8192K)
 Metaspace       used 34905K, committed 35264K, reserved 1114112K
  class space    used 3735K, committed 3904K, reserved 1048576K
}
Event: 1.599 GC heap before
{Heap before GC invocations=5 (full 0):
 garbage-first heap   total reserved 8351744K, committed 102400K, used 37435K [0x0000000602400000, 0x0000000800000000)
  region size 4096K, 7 young (28672K), 2 survivors (8192K)
 Metaspace       used 35649K, committed 35968K, reserved 1114112K
  class space    used 3811K, committed 3968K, reserved 1048576K
}
Event: 1.605 GC heap after
{Heap after GC invocations=6 (full 0):
 garbage-first heap   total reserved 8351744K, committed 102400K, used 22028K [0x0000000602400000, 0x0000000800000000)
  region size 4096K, 1 young (4096K), 1 survivors (4096K)
 Metaspace       used 35649K, committed 35968K, reserved 1114112K
  class space    used 3811K, committed 3968K, reserved 1048576K
}
Event: 1.935 GC heap before
{Heap before GC invocations=7 (full 0):
 garbage-first heap   total reserved 8351744K, committed 98304K, used 71180K [0x0000000602400000, 0x0000000800000000)
  region size 4096K, 13 young (53248K), 1 survivors (4096K)
 Metaspace       used 43084K, committed 43584K, reserved 1114112K
  class space    used 4643K, committed 4864K, reserved 1048576K
}
Event: 1.939 GC heap after
{Heap after GC invocations=8 (full 0):
 garbage-first heap   total reserved 8351744K, committed 98304K, used 22893K [0x0000000602400000, 0x0000000800000000)
  region size 4096K, 2 young (8192K), 2 survivors (8192K)
 Metaspace       used 43084K, committed 43584K, reserved 1114112K
  class space    used 4643K, committed 4864K, reserved 1048576K
}
Event: 2.257 GC heap before
{Heap before GC invocations=8 (full 0):
 garbage-first heap   total reserved 8351744K, committed 98304K, used 67949K [0x0000000602400000, 0x0000000800000000)
  region size 4096K, 13 young (53248K), 2 survivors (8192K)
 Metaspace       used 52373K, committed 52800K, reserved 1114112K
  class space    used 5493K, committed 5696K, reserved 1048576K
}
Event: 2.263 GC heap after
{Heap after GC invocations=9 (full 0):
 garbage-first heap   total reserved 8351744K, committed 98304K, used 25267K [0x0000000602400000, 0x0000000800000000)
  region size 4096K, 2 young (8192K), 2 survivors (8192K)
 Metaspace       used 52373K, committed 52800K, reserved 1114112K
  class space    used 5493K, committed 5696K, reserved 1048576K
}
Event: 2.590 GC heap before
{Heap before GC invocations=9 (full 0):
 garbage-first heap   total reserved 8351744K, committed 98304K, used 70323K [0x0000000602400000, 0x0000000800000000)
  region size 4096K, 14 young (57344K), 2 survivors (8192K)
 Metaspace       used 59707K, committed 60160K, reserved 1114112K
  class space    used 6379K, committed 6592K, reserved 1048576K
}
Event: 2.594 GC heap after
{Heap after GC invocations=10 (full 0):
 garbage-first heap   total reserved 8351744K, committed 311296K, used 26474K [0x0000000602400000, 0x0000000800000000)
  region size 4096K, 2 young (8192K), 2 survivors (8192K)
 Metaspace       used 59707K, committed 60160K, reserved 1114112K
  class space    used 6379K, committed 6592K, reserved 1048576K
}
Event: 3.109 GC heap before
{Heap before GC invocations=11 (full 0):
 garbage-first heap   total reserved 8351744K, committed 110592K, used 100202K [0x0000000602400000, 0x0000000800000000)
  region size 4096K, 21 young (86016K), 2 survivors (8192K)
 Metaspace       used 73177K, committed 73792K, reserved 1179648K
  class space    used 7926K, committed 8192K, reserved 1048576K
}
Event: 3.117 GC heap after
{Heap after GC invocations=12 (full 0):
 garbage-first heap   total reserved 8351744K, committed 122880K, used 30842K [0x0000000602400000, 0x0000000800000000)
  region size 4096K, 3 young (12288K), 3 survivors (12288K)
 Metaspace       used 73177K, committed 73792K, reserved 1179648K
  class space    used 7926K, committed 8192K, reserved 1048576K
}
Event: 3.224 GC heap before
{Heap before GC invocations=12 (full 0):
 garbage-first heap   total reserved 8351744K, committed 122880K, used 92282K [0x0000000602400000, 0x0000000800000000)
  region size 4096K, 18 young (73728K), 3 survivors (12288K)
 Metaspace       used 73624K, committed 74240K, reserved 1179648K
  class space    used 8044K, committed 8320K, reserved 1048576K
}
Event: 3.232 GC heap after
{Heap after GC invocations=13 (full 0):
 garbage-first heap   total reserved 8351744K, committed 122880K, used 32588K [0x0000000602400000, 0x0000000800000000)
  region size 4096K, 2 young (8192K), 2 survivors (8192K)
 Metaspace       used 73624K, committed 74240K, reserved 1179648K
  class space    used 8044K, committed 8320K, reserved 1048576K
}
Event: 3.354 GC heap before
{Heap before GC invocations=13 (full 0):
 garbage-first heap   total reserved 8351744K, committed 122880K, used 98124K [0x0000000602400000, 0x0000000800000000)
  region size 4096K, 18 young (73728K), 2 survivors (8192K)
 Metaspace       used 75396K, committed 75968K, reserved 1179648K
  class space    used 8420K, committed 8640K, reserved 1048576K
}
Event: 3.363 GC heap after
{Heap after GC invocations=14 (full 0):
 garbage-first heap   total reserved 8351744K, committed 122880K, used 39328K [0x0000000602400000, 0x0000000800000000)
  region size 4096K, 2 young (8192K), 2 survivors (8192K)
 Metaspace       used 75396K, committed 75968K, reserved 1179648K
  class space    used 8420K, committed 8640K, reserved 1048576K
}
Event: 3.465 GC heap before
{Heap before GC invocations=14 (full 0):
 garbage-first heap   total reserved 8351744K, committed 122880K, used 96672K [0x0000000602400000, 0x0000000800000000)
  region size 4096K, 17 young (69632K), 2 survivors (8192K)
 Metaspace       used 76813K, committed 77376K, reserved 1179648K
  class space    used 8590K, committed 8832K, reserved 1048576K
}
Event: 3.468 GC heap after
{Heap after GC invocations=15 (full 0):
 garbage-first heap   total reserved 8351744K, committed 122880K, used 35928K [0x0000000602400000, 0x0000000800000000)
  region size 4096K, 1 young (4096K), 1 survivors (4096K)
 Metaspace       used 76813K, committed 77376K, reserved 1179648K
  class space    used 8590K, committed 8832K, reserved 1048576K
}
Event: 302.222 GC heap before
{Heap before GC invocations=15 (full 0):
 garbage-first heap   total reserved 8351744K, committed 122880K, used 101464K [0x0000000602400000, 0x0000000800000000)
  region size 4096K, 17 young (69632K), 1 survivors (4096K)
 Metaspace       used 85424K, committed 86144K, reserved 1179648K
  class space    used 9550K, committed 9856K, reserved 1048576K
}
Event: 302.227 GC heap after
{Heap after GC invocations=16 (full 0):
 garbage-first heap   total reserved 8351744K, committed 323584K, used 40942K [0x0000000602400000, 0x0000000800000000)
  region size 4096K, 2 young (8192K), 2 survivors (8192K)
 Metaspace       used 85424K, committed 86144K, reserved 1179648K
  class space    used 9550K, committed 9856K, reserved 1048576K
}

